<?xml version="1.0" encoding="UTF-8"?>
<testsuite xmlns:xsi="http://www.w3.org/2001/XMLSchema-instance" xsi:noNamespaceSchemaLocation="https://maven.apache.org/surefire/maven-surefire-plugin/xsd/surefire-test-report-3.0.xsd" version="3.0" name="com.cofincafe.prueba.ClienteServiceTest" time="0.226" tests="3" errors="0" skipped="0" failures="0">
  <properties>
[...]
</properties>
  <testcase name="json_ok" classname="com.cofincafe.prueba.ClienteServiceTest" time="0.05"/>
  <testcase name="top3_ok" classname="com.cofincafe.prueba.ClienteServiceTest" time="0.016"/>
  <testcase name="negativos_ok" classname="com.cofincafe.prueba.ClienteServiceTest" time="0.003"/>
</testsuite>